==2916== Memcheck, a memory error detector
==2916== Copyright (C) 2002-2017, and GNU GPL'd, by Julian Seward et al.
==2916== Using Valgrind-3.13.0 and LibVEX; rerun with -h for copyright info
==2916== Command: /rhome/d/dsekulic1/workspace/ASP/PZ6/Z1/.runme
==2916== Parent PID: 2909
==2916== 
==2916== 
==2916== HEAP SUMMARY:
==2916==     in use at exit: 212 bytes in 1 blocks
==2916==   total heap usage: 9 allocs, 8 frees, 100,172 bytes allocated
==2916== 
==2916== 212 bytes in 1 blocks are definitely lost in loss record 1 of 1
==2916==    at 0x4C3089F: operator new[](unsigned long) (in /usr/lib/valgrind/vgpreload_memcheck-amd64-linux.so)
==2916==    by 0x1090B8: ucitaj(std::__cxx11::basic_string<char, std::char_traits<char>, std::allocator<char> >, int*&, int&) (main.cpp:91)
==2916==    by 0x109386: main (main.cpp:120)
==2916== 
==2916== LEAK SUMMARY:
==2916==    definitely lost: 212 bytes in 1 blocks
==2916==    indirectly lost: 0 bytes in 0 blocks
==2916==      possibly lost: 0 bytes in 0 blocks
==2916==    still reachable: 0 bytes in 0 blocks
==2916==         suppressed: 0 bytes in 0 blocks
==2916== 
==2916== For counts of detected and suppressed errors, rerun with: -v
==2916== ERROR SUMMARY: 1 errors from 1 contexts (suppressed: 0 from 0)
