[New LWP 32522]
Core was generated by `'.
Program terminated with signal SIGSEGV, Segmentation fault.
#0  0x000000000010a574 in ?? ()
#0  0x000000000010a574 in ?? ()
#1  0x0000001fff0008c4 in ?? ()
#2  0x0000001fff0008f0 in ?? ()
#3  0x0000000005d7fe10 in ?? ()
#4  0x0000000005d7fd70 in ?? ()
#5  0x0000001f00000000 in ?? ()
#6  0x0000000005d7fe60 in ?? ()
#7  0x0000001fff000930 in ?? ()
#8  0x0000000000109509 in ?? ()
#9  0x0000000100000001 in ?? ()
#10 0x0000000000109a93 in ?? ()
#11 0x000000000030bbb0 in ?? ()
#12 0x0000000005d7fd70 in ?? ()
#13 0x0000000005d7fc80 in ?? ()
#14 0x0000000000000003 in ?? ()
#15 0x000000000030bb30 in ?? ()
#16 0x0000000000000000 in ?? ()
